#
# There is insufficient memory for the Java Runtime Environment to continue.
# Native memory allocation (mmap) failed to map 532676608 bytes. Error detail: G1 virtual space
# Possible reasons:
#   The system is out of physical RAM or swap space
#   This process is running with CompressedOops enabled, and the Java Heap may be blocking the growth of the native heap
# Possible solutions:
#   Reduce memory load on the system
#   Increase physical memory or swap space
#   Check if swap backing store is full
#   Decrease Java heap size (-Xmx/-Xms)
#   Decrease number of Java threads
#   Decrease Java thread stack sizes (-Xss)
#   Set larger code cache with -XX:ReservedCodeCacheSize=
#   JVM is running with Zero Based Compressed Oops mode in which the Java heap is
#     placed in the first 32GB address space. The Java Heap base address is the
#     maximum limit for the native heap growth. Please use -XX:HeapBaseMinAddress
#     to set the Java Heap base and to place the Java Heap above 32GB virtual address.
# This output file may be truncated or incomplete.
#
#  Out of Memory Error (os_windows.cpp:3554), pid=6176, tid=20628
#
# JRE version:  (25.0+37) (build )
# Java VM: Java HotSpot(TM) 64-Bit Server VM (25+37-LTS-3491, mixed mode, sharing, tiered, compressed oops, compressed class ptrs, g1 gc, windows-amd64)
# No core dump will be written. Minidumps are not enabled by default on client versions of Windows
#

---------------  S U M M A R Y ------------

Command Line: -javaagent:C:\Program Files\JetBrains\IntelliJ IDEA Community Edition 2025.2.3\lib\idea_rt.jar=13338 -Dfile.encoding=UTF-8 -Dsun.stdout.encoding=UTF-8 -Dsun.stderr.encoding=UTF-8 GuiApp

Host: Intel(R) Core(TM) i5-14400F, 16 cores, 31G,  Windows 10 , 64 bit Build 19041 (10.0.19041.3155)
Time: Thu Jan 29 20:57:59 2026 elapsed time: 0.141321 seconds (0d 0h 0m 0s)

---------------  T H R E A D  ---------------

Current thread (0x0000019ea1098e80):  JavaThread "Unknown thread" [_thread_in_vm, id=20628, stack(0x0000009b86100000,0x0000009b86200000) (1024K)]

Stack: [0x0000009b86100000,0x0000009b86200000]
Native frames: (J=compiled Java code, j=interpreted, Vv=VM code, C=native code)
V  [jvm.dll+0x7a6a39]  (no source info available)
V  [jvm.dll+0x7727ed]  (no source info available)
V  [jvm.dll+0x965f33]  (no source info available)
V  [jvm.dll+0x968531]  (no source info available)
V  [jvm.dll+0x968c33]  (no source info available)
V  [jvm.dll+0x2fc756]  (no source info available)
V  [jvm.dll+0x7a2c65]  (no source info available)
V  [jvm.dll+0x796077]  (no source info available)
V  [jvm.dll+0x3f4698]  (no source info available)
V  [jvm.dll+0x3fc5b6]  (no source info available)
V  [jvm.dll+0x3e8c8e]  (no source info available)
V  [jvm.dll+0x3e8f48]  (no source info available)
V  [jvm.dll+0x3c0045]  (no source info available)
V  [jvm.dll+0x3c0cce]  (no source info available)
V  [jvm.dll+0x92c647]  (no source info available)
V  [jvm.dll+0x458b62]  (no source info available)
V  [jvm.dll+0x90fff2]  (no source info available)
V  [jvm.dll+0x4f9001]  (no source info available)
V  [jvm.dll+0x4fa891]  (no source info available)
C  [jli.dll+0x543e]  (no source info available)
C  [ucrtbase.dll+0x21bb2]  (no source info available)
C  [KERNEL32.DLL+0x17614]  (no source info available)
C  [ntdll.dll+0x526b1]  (no source info available)

Lock stack of current Java thread (top to bottom):


---------------  P R O C E S S  ---------------

Threads class SMR info:
_java_thread_list=0x00007ffbe5fd5308, length=0, elements={
}

Java Threads: ( => current thread )
Total: 0

Other Threads:
  0x0000019ea11470a0 WorkerThread "GC Thread#0"                     [id=9852, stack(0x0000009b86200000,0x0000009b86300000) (1024K)]
  0x0000019ea115ff90 ConcurrentGCThread "G1 Main Marker"            [id=8460, stack(0x0000009b86300000,0x0000009b86400000) (1024K)]
  0x0000019ea11612d0 WorkerThread "G1 Conc#0"                       [id=13876, stack(0x0000009b86400000,0x0000009b86500000) (1024K)]

[error occurred during error reporting (printing all threads), id 0xc0000005, EXCEPTION_ACCESS_VIOLATION (0xc0000005) at pc=0x00007ffbe56b4c2a]
VM state: not at safepoint (not fully initialized)

VM Mutex/Monitor currently owned by a thread:  ([mutex/lock_event])
[0x00007ffbe6059628] Heap_lock - owner thread: 0x0000019ea1098e80

Heap address: 0x0000000604800000, size: 8120 MB, Compressed Oops mode: Zero based, Oop shift amount: 3

CDS archive(s) mapped at: [0x0000000000000000-0x0000000000000000-0x0000000000000000), size 0, SharedBaseAddress: 0x0000000800000000, ArchiveRelocationMode: 1.
UseCompressedClassPointers 1, UseCompactObjectHeaders 0
Narrow klass pointer bits 32, Max shift 3
Narrow klass base: 0xffffffffffffffff, Narrow klass shift: -1
Encoding Range: [0xffffffffffffffff - 0x000000007fffffff), (2147483648 bytes)
Klass Range:    [0x0000000000000000 - 0x0000000000000000), (0 bytes)
Klass ID Range:  [4294967295 - 0) (1)
No protection zone.

GC Precious Log:
 CardTable entry size: 512
 Card Set container configuration: InlinePtr #cards 4 size 8 Array Of Cards #cards 32 size 80 Howl #buckets 8 coarsen threshold 7372 Howl Bitmap #cards 1024 size 144 coarsen threshold 921 Card regions per heap region 1 cards per card region 8192

Heap:
 garbage-first heap   total reserved 8314880K, committed 0K, used 0K [0x0000000604800000, 0x0000000800000000)
  region size 4096K, 0 young (0K), 0 survivors (0K)

Heap Regions: E=young(eden), S=young(survivor), O=old, HS=humongous(starts), HC=humongous(continues), CS=collection set, F=free, TAMS=top-at-mark-start, PB=parsable bottom

Card table byte_map: [0x0000019eba2b0000,0x0000019ebb290000] _byte_map_base: 0x0000019eb728c000

Marking Bits: (CMBitMap*) 0x0000019ea1147830
 Bits: [0x0000019ebb290000, 0x0000019ec3170000)

GC Heap Usage History (0 events):
No events

Metaspace Usage History (0 events):
No events

Dll operation events (1 events):
Event: 0.048 Loaded shared library C:\Program Files\Java\jdk-25\bin\java.dll

Deoptimization events (0 events):
No events

Classes loaded (0 events):
No events

Classes unloaded (0 events):
No events

Classes redefined (0 events):
No events

Internal exceptions (0 events):
No events

VM Operations (0 events):
No events

Memory protections (0 events):
No events

Nmethod flushes (0 events):
No events

Events (0 events):
No events


Dynamic libraries:
0x00007ff66a190000 - 0x00007ff66a1a0000 	C:\Program Files\Java\jdk-25\bin\java.exe
0x00007ffc9ed50000 - 0x00007ffc9ef48000 	C:\Windows\SYSTEM32\ntdll.dll
0x00007ffc9ddc0000 - 0x00007ffc9de7f000 	C:\Windows\System32\KERNEL32.DLL
0x00007ffc9c7c0000 - 0x00007ffc9cab6000 	C:\Windows\System32\KERNELBASE.dll
0x00007ffc9c6c0000 - 0x00007ffc9c7c0000 	C:\Windows\System32\ucrtbase.dll
0x00007ffc716f0000 - 0x00007ffc7170e000 	C:\Program Files\Java\jdk-25\bin\VCRUNTIME140.dll
0x00007ffc77a30000 - 0x00007ffc77a47000 	C:\Program Files\Java\jdk-25\bin\jli.dll
0x00007ffc9d0c0000 - 0x00007ffc9d25d000 	C:\Windows\System32\USER32.dll
0x00007ffc85190000 - 0x00007ffc8542a000 	C:\Windows\WinSxS\amd64_microsoft.windows.common-controls_6595b64144ccf1df_6.0.19041.1110_none_60b5254171f9507e\COMCTL32.dll
0x00007ffc9c540000 - 0x00007ffc9c562000 	C:\Windows\System32\win32u.dll
0x00007ffc9d790000 - 0x00007ffc9d82e000 	C:\Windows\System32\msvcrt.dll
0x00007ffc9e7c0000 - 0x00007ffc9e7ec000 	C:\Windows\System32\GDI32.dll
0x00007ffc9c5a0000 - 0x00007ffc9c6b5000 	C:\Windows\System32\gdi32full.dll
0x00007ffc9c4a0000 - 0x00007ffc9c53d000 	C:\Windows\System32\msvcp_win.dll
0x00007ffc9cdb0000 - 0x00007ffc9cde0000 	C:\Windows\System32\IMM32.DLL
0x00007ffc97fe0000 - 0x00007ffc97fec000 	C:\Program Files\Java\jdk-25\bin\vcruntime140_1.dll
0x00007ffc71660000 - 0x00007ffc716ed000 	C:\Program Files\Java\jdk-25\bin\msvcp140.dll
0x00007ffbe52e0000 - 0x00007ffbe613f000 	C:\Program Files\Java\jdk-25\bin\server\jvm.dll
0x00007ffc9ec60000 - 0x00007ffc9ed0f000 	C:\Windows\System32\ADVAPI32.dll
0x00007ffc9d520000 - 0x00007ffc9d5bc000 	C:\Windows\System32\sechost.dll
0x00007ffc9cde0000 - 0x00007ffc9cf06000 	C:\Windows\System32\RPCRT4.dll
0x00007ffc9d640000 - 0x00007ffc9d6ab000 	C:\Windows\System32\WS2_32.dll
0x00007ffc9c290000 - 0x00007ffc9c2db000 	C:\Windows\SYSTEM32\POWRPROF.dll
0x00007ffc8dd30000 - 0x00007ffc8dd57000 	C:\Windows\SYSTEM32\WINMM.dll
0x00007ffc95150000 - 0x00007ffc9515a000 	C:\Windows\SYSTEM32\VERSION.dll
0x00007ffc9c1c0000 - 0x00007ffc9c1d2000 	C:\Windows\SYSTEM32\UMPDC.dll
0x00007ffc9a2f0000 - 0x00007ffc9a302000 	C:\Windows\SYSTEM32\kernel.appcore.dll
0x00007ffc8fcb0000 - 0x00007ffc8fcba000 	C:\Program Files\Java\jdk-25\bin\jimage.dll
0x00007ffc8d120000 - 0x00007ffc8d304000 	C:\Windows\SYSTEM32\DBGHELP.DLL
0x00007ffc79660000 - 0x00007ffc79694000 	C:\Windows\SYSTEM32\dbgcore.DLL
0x00007ffc9ccd0000 - 0x00007ffc9cd52000 	C:\Windows\System32\bcryptPrimitives.dll
0x00007ffc8fc00000 - 0x00007ffc8fc10000 	C:\Program Files\Java\jdk-25\bin\instrument.dll
0x00007ffc71640000 - 0x00007ffc7165f000 	C:\Program Files\Java\jdk-25\bin\java.dll
0x00007ffc9d260000 - 0x00007ffc9d38a000 	C:\Windows\System32\ole32.dll
0x00007ffc9e810000 - 0x00007ffc9eb64000 	C:\Windows\System32\combase.dll
0x00007ffc9dee0000 - 0x00007ffc9e624000 	C:\Windows\System32\SHELL32.dll

JVMTI agents:
C:\Program Files\JetBrains\IntelliJ IDEA Community Edition 2025.2.3\lib\idea_rt.jar path:none, loaded, not initialized, instrumentlib options:13338

dbghelp: loaded successfully - version: 4.0.5 - missing functions: none
symbol engine: initialized successfully - sym options: 0x614 - pdb path: .;C:\Program Files\Java\jdk-25\bin;C:\Windows\SYSTEM32;C:\Windows\WinSxS\amd64_microsoft.windows.common-controls_6595b64144ccf1df_6.0.19041.1110_none_60b5254171f9507e;C:\Program Files\Java\jdk-25\bin\server

VM Arguments:
jvm_args: -javaagent:C:\Program Files\JetBrains\IntelliJ IDEA Community Edition 2025.2.3\lib\idea_rt.jar=13338 -Dfile.encoding=UTF-8 -Dsun.stdout.encoding=UTF-8 -Dsun.stderr.encoding=UTF-8 
java_command: GuiApp
java_class_path (initial): C:\Users\Leonid\IdeaProjects\task8\out\production\task8
Launcher Type: SUN_STANDARD

[Global flags]
     intx CICompilerCount                          = 12                                        {product} {ergonomic}
     uint ConcGCThreads                            = 3                                         {product} {ergonomic}
     uint G1ConcRefinementThreads                  = 13                                        {product} {ergonomic}
   size_t G1HeapRegionSize                         = 4194304                                   {product} {ergonomic}
   size_t InitialHeapSize                          = 532676608                                 {product} {ergonomic}
   size_t MarkStackSize                            = 4194304                                   {product} {ergonomic}
   size_t MarkStackSizeMax                         = 536870912                                 {product} {ergonomic}
   size_t MaxHeapSize                              = 8514437120                                {product} {ergonomic}
   size_t MinHeapDeltaBytes                        = 4194304                                   {product} {ergonomic}
   size_t MinHeapSize                              = 8388608                                   {product} {ergonomic}
    uintx NonNMethodCodeHeapSize                   = 7602176                                {pd product} {ergonomic}
    uintx NonProfiledCodeHeapSize                  = 122093568                              {pd product} {ergonomic}
    uintx ProfiledCodeHeapSize                     = 121962496                              {pd product} {ergonomic}
    uintx ReservedCodeCacheSize                    = 251658240                              {pd product} {ergonomic}
     bool SegmentedCodeCache                       = true                                      {product} {ergonomic}
   size_t SoftMaxHeapSize                          = 8514437120                             {manageable} {ergonomic}
     bool UseCompressedOops                        = true                           {product lp64_product} {ergonomic}
     bool UseG1GC                                  = true                                      {product} {ergonomic}
     bool UseLargePagesIndividualAllocation        = false                                  {pd product} {ergonomic}

Logging:
Log output configuration:
 #0: stdout all=warning uptime,level,tags foldmultilines=false
 #1: stderr all=off uptime,level,tags foldmultilines=false

Release file:
<release file has not been read>
Environment Variables:
PATH=C:\Program Files (x86)\Razer Chroma SDK\bin;C:\Program Files\Razer Chroma SDK\bin;C:\Program Files (x86)\Razer\ChromaBroadcast\bin;C:\Program Files\Razer\ChromaBroadcast\bin;C:\Program Files\Google\Chrome\Application;C:\Program Files\Common Files\Oracle\Java\javapath;C:\Program Files (x86)\Common Files\Oracle\Java\javapath;C:\Windows\system32;C:\Windows;C:\Windows\System32\Wbem;C:\Windows\System32\WindowsPowerShell\v1.0\;C:\Windows\System32\OpenSSH\;C:\Program Files\dotnet\;C:\Program Files (x86)\dotnet\;C:\Program Files (x86)\NVIDIA Corporation\PhysX\Common;C:\Users\Leonid\AppData\Local\Microsoft\WindowsApps;C:\Users\Leonid\AppData\Local\Microsoft\WindowsApps;D:\Microsoft VS Code\bin;C:\Program Files\Git\cmd;C:\Program Files\Cloudflare\Cloudflare WARP\;C:\Users\Leonid\AppData\Local\Microsoft\WindowsApps;D:\Microsoft VS Code\bin
USERNAME=Leonid
OS=Windows_NT
PROCESSOR_IDENTIFIER=Intel64 Family 6 Model 191 Stepping 2, GenuineIntel
TMP=C:\Users\Leonid\AppData\Local\Temp
TEMP=C:\Users\Leonid\AppData\Local\Temp




Compilation memory statistics disabled.

Periodic native trim disabled

---------------  S Y S T E M  ---------------

OS:
 Windows 10 , 64 bit Build 19041 (10.0.19041.3155)
OS uptime: 5 days 10:49 hours

CPU: total 16 (initial active 16) (8 cores per cpu, 2 threads per core) family 6 model 191 stepping 2 microcode 0x2e, cx8, cmov, fxsr, ht, mmx, 3dnowpref, sse, sse2, sse3, ssse3, sse4.1, sse4.2, popcnt, lzcnt, tsc, tscinvbit, avx, avx2, aes, erms, clmul, bmi1, bmi2, adx, sha, fma, vzeroupper, clflush, clflushopt, clwb, serialize, rdtscp, rdpid, fsrm, gfni, f16c, pku, cet_ibt, cet_ss
Processor Information for processor 0
  Max Mhz: 2500, Current Mhz: 2500, Mhz Limit: 1800
Processor Information for processor 1
  Max Mhz: 2500, Current Mhz: 2500, Mhz Limit: 1800
Processor Information for processor 2
  Max Mhz: 2500, Current Mhz: 2500, Mhz Limit: 2500
Processor Information for processor 3
  Max Mhz: 2500, Current Mhz: 2500, Mhz Limit: 2500
Processor Information for processor 4
  Max Mhz: 2500, Current Mhz: 2500, Mhz Limit: 2500
Processor Information for processor 5
  Max Mhz: 2500, Current Mhz: 2500, Mhz Limit: 2500
Processor Information for processor 6
  Max Mhz: 2500, Current Mhz: 2500, Mhz Limit: 2500
Processor Information for processor 7
  Max Mhz: 2500, Current Mhz: 2500, Mhz Limit: 2500
Processor Information for processor 8
  Max Mhz: 2500, Current Mhz: 2500, Mhz Limit: 2500
Processor Information for processor 9
  Max Mhz: 2500, Current Mhz: 2500, Mhz Limit: 2500
Processor Information for processor 10
  Max Mhz: 2500, Current Mhz: 2500, Mhz Limit: 2500
Processor Information for processor 11
  Max Mhz: 2500, Current Mhz: 2500, Mhz Limit: 2500
Processor Information for processor 12
  Max Mhz: 2500, Current Mhz: 1800, Mhz Limit: 1800
Processor Information for processor 13
  Max Mhz: 2500, Current Mhz: 1800, Mhz Limit: 1800
Processor Information for processor 14
  Max Mhz: 2500, Current Mhz: 1800, Mhz Limit: 1800
Processor Information for processor 15
  Max Mhz: 2500, Current Mhz: 1800, Mhz Limit: 1800

Memory: 4k page, system-wide physical 32478M (3064M free)
TotalPageFile size 41308M (AvailPageFile size 480M)
current process WorkingSet (physical memory assigned to process): 12M, peak: 12M
current process commit charge ("private bytes"): 71M, peak: 579M

vm_info: Java HotSpot(TM) 64-Bit Server VM (25+37-LTS-3491) for windows-amd64 JRE (25+37-LTS-3491), built on 2025-08-14T21:13:00Z with unknown MS VC++:1943

END.
